------------------|---------|----------|---------|---------|---------------------------------
File              | % Stmts | % Branch | % Funcs | % Lines | Uncovered Line #s               
------------------|---------|----------|---------|---------|---------------------------------
All files         |   72.89 |    78.47 |   75.71 |   73.48 |                                 
 AIStrategy.js    |      88 |    74.07 |      75 |      88 | 15,69-70                        
 Board.js         |   98.21 |    94.28 |     100 |   98.07 | 94                              
 CPUPlayer.js     |   96.07 |    96.42 |   81.81 |   96.07 | 52,164                          
 GameDisplay.js   |   30.61 |    66.66 |   52.94 |   33.33 | 15-51,103-111,126-140,160-176   
 SeaBattleGame.js |   56.96 |    53.65 |   58.33 |   56.96 | 22,35-37,61-111,165,175-177,190 
 Ship.js          |     100 |      100 |     100 |     100 |                                 
------------------|---------|----------|---------|---------|---------------------------------

Test Suites: 4 passed, 4 total
Tests:       62 passed, 62 total
Snapshots:   0 total
Time:        0.54 s, estimated 1 s
Ran all test suites.