----------------|---------|----------|---------|---------|-------------------
File            | % Stmts | % Branch | % Funcs | % Lines | Uncovered Line #s 
----------------|---------|----------|---------|---------|-------------------
All files       |   87.05 |     82.2 |      75 |   87.53 |                   
 src            |   43.75 |    22.72 |   37.03 |   44.68 |                   
  schema.ts     |   43.75 |    22.72 |   37.03 |   44.68 | 199-220,271-292   
 src/validators |   94.17 |    91.48 |   92.98 |   94.48 |                   
  array.ts      |     100 |    88.88 |     100 |     100 | 64,111            
  base.ts       |     100 |      100 |     100 |     100 |                   
  boolean.ts    |    82.6 |       80 |      80 |    82.6 | 37,58-60          
  date.ts       |   77.19 |    78.78 |      70 |   78.57 | 128-158           
  number.ts     |     100 |      100 |     100 |     100 |                   
  object.ts     |     100 |    96.29 |     100 |     100 | 51                
  string.ts     |     100 |      100 |     100 |     100 |                   
----------------|---------|----------|---------|---------|-------------------
Test Suites: 7 passed, 7 total
Tests:       113 passed, 113 total
Snapshots:   0 total
Time:        2.993 s, estimated 8 s